Build started 1/16/2014 11:53:49 AM.
     1>Project "E:\Dropbox\Works and collections\Elec\Rice\Joonho\codes\dual_core_PUF_with_PDL_and_ethernet_SW\SW_Example\sirc_lib_SW_Example.vcxproj" on node 2 (build target(s)).
     1>InitializeBuildStatus:
         Touching "Release\sirc_lib_SW_Example.unsuccessfulbuild".
       GenerateTargetFrameworkMonikerAttribute:
       Skipping target "GenerateTargetFrameworkMonikerAttribute" because all output files are up-to-date with respect to the input files.
       ClCompile:
         All outputs are up-to-date.
         All outputs are up-to-date.
       ResourceCompile:
         All outputs are up-to-date.
       Link:
         All outputs are up-to-date.
         sirc_lib_SW_Example.vcxproj -> E:\Dropbox\Works and collections\Elec\Rice\Joonho\codes\dual_core_PUF_with_PDL_and_ethernet_SW\SW_Example\Release\sirc_lib_SW_Example.exe
       FinalizeBuildStatus:
         Deleting file "Release\sirc_lib_SW_Example.unsuccessfulbuild".
         Touching "Release\sirc_lib_SW_Example.lastbuildstate".
     1>Done Building Project "E:\Dropbox\Works and collections\Elec\Rice\Joonho\codes\dual_core_PUF_with_PDL_and_ethernet_SW\SW_Example\sirc_lib_SW_Example.vcxproj" (build target(s)).

Build succeeded.

Time Elapsed 00:00:00.09
