--------------------------------------------------------------------------------
Release 13.3 Trace  (nt64)
Copyright (c) 1995-2011 Xilinx, Inc.  All rights reserved.

C:\Xilinx\13.3\ISE_DS\ISE\bin\nt64\unwrapped\trce.exe -intstyle ise -v 3 -s 1
-n 3 -fastpaths -xml main.twx main.ncd -o main.twr main.pcf -ucf
constraints.ucf

Design file:              main.ncd
Physical constraint file: main.pcf
Device,package,speed:     xc5vlx110t,ff1136,-1 (PRODUCTION 1.73 2011-10-03, STEPPING level 0)
Report level:             verbose report

Environment Variable      Effect 
--------------------      ------ 
NONE                      No environment variables were set
--------------------------------------------------------------------------------

INFO:Timing:2698 - No timing constraints found, doing default enumeration.
INFO:Timing:2752 - To get complete path coverage, use the unconstrained paths 
   option. All paths that are not constrained will be reported in the 
   unconstrained paths section(s) of the report.
INFO:Timing:3339 - The clock-to-out numbers in this timing report are based on 
   a 50 Ohm transmission line loading model.  For the details of this model, 
   and for more information on accounting for different loading conditions, 
   please see the device datasheet.



Data Sheet report:
-----------------
All values displayed in nanoseconds (ns)

Pad to Pad
---------------+---------------+---------+
Source Pad     |Destination Pad|  Delay  |
---------------+---------------+---------+
In             |Out            |   16.569|
---------------+---------------+---------+


Analysis completed Sat Nov 09 00:39:46 2013 
--------------------------------------------------------------------------------

Trace Settings:
-------------------------
Trace Settings 

Peak Memory Usage: 423 MB



