Release 13.3 - ngc2edif O.76xd (nt64)
Copyright (c) 1995-2011 Xilinx, Inc.  All rights reserved.
Reading design pdl_test_bench.ngc ...
WARNING:NetListWriters:298 - No output is written to pdl_test_bench.xncf,
   ignored.
Processing design ...
   Preping design's networks ...
   Preping design's macros ...
  finished :Prep
Writing EDIF netlist file pdl_test_bench.edif ...
ngc2edif: Total memory usage is 100244 kilobytes

Release 13.3 - ngc2edif O.76xd (nt64)
Copyright (c) 1995-2011 Xilinx, Inc.  All rights reserved.
Reading design pdl_test_bench.ngc ...
WARNING:NetListWriters:298 - No output is written to pdl_test_bench.xncf,
   ignored.
Processing design ...
   Preping design's networks ...
   Preping design's macros ...
  finished :Prep
Writing EDIF netlist file pdl_test_bench.edif ...
ngc2edif: Total memory usage is 88156 kilobytes

Release 13.3 - ngc2edif O.76xd (nt64)
Copyright (c) 1995-2011 Xilinx, Inc.  All rights reserved.
Reading design pdl_test_bench.ngc ...
WARNING:NetListWriters:298 - No output is written to pdl_test_bench.xncf,
   ignored.
Processing design ...
   Preping design's networks ...
   Preping design's macros ...
  finished :Prep
Writing EDIF netlist file pdl_test_bench.edif ...
ngc2edif: Total memory usage is 87380 kilobytes

Release 13.3 - ngc2edif O.76xd (nt64)
Copyright (c) 1995-2011 Xilinx, Inc.  All rights reserved.
Reading design pdl_test_bench.ngc ...
WARNING:NetListWriters:298 - No output is written to pdl_test_bench.xncf,
   ignored.
Processing design ...
   Preping design's networks ...
   Preping design's macros ...
  finished :Prep
Writing EDIF netlist file pdl_test_bench.edif ...
ngc2edif: Total memory usage is 100252 kilobytes

Release 13.3 - ngc2edif O.76xd (nt64)
Copyright (c) 1995-2011 Xilinx, Inc.  All rights reserved.
Reading design pdl_test_bench.ngc ...
WARNING:NetListWriters:298 - No output is written to pdl_test_bench.xncf,
   ignored.
Processing design ...
   Preping design's networks ...
   Preping design's macros ...
  finished :Prep
Writing EDIF netlist file pdl_test_bench.edif ...
ngc2edif: Total memory usage is 100244 kilobytes

Release 13.3 - ngc2edif O.76xd (nt64)
Copyright (c) 1995-2011 Xilinx, Inc.  All rights reserved.
Reading design pdl_test_bench.ngc ...
WARNING:NetListWriters:298 - No output is written to pdl_test_bench.xncf,
   ignored.
Processing design ...
   Preping design's networks ...
   Preping design's macros ...
  finished :Prep
Writing EDIF netlist file pdl_test_bench.edif ...
ngc2edif: Total memory usage is 100508 kilobytes

Release 13.3 - ngc2edif O.76xd (nt64)
Copyright (c) 1995-2011 Xilinx, Inc.  All rights reserved.
Reading design pdl_test_bench.ngc ...
WARNING:NetListWriters:298 - No output is written to pdl_test_bench.xncf,
   ignored.
Processing design ...
   Preping design's networks ...
   Preping design's macros ...
  finished :Prep
Writing EDIF netlist file pdl_test_bench.edif ...
ngc2edif: Total memory usage is 100244 kilobytes

Release 13.3 - ngc2edif O.76xd (nt64)
Copyright (c) 1995-2011 Xilinx, Inc.  All rights reserved.
Reading design pdl_test_bench.ngc ...
WARNING:NetListWriters:298 - No output is written to pdl_test_bench.xncf,
   ignored.
Processing design ...
   Preping design's networks ...
   Preping design's macros ...
  finished :Prep
Writing EDIF netlist file pdl_test_bench.edif ...
ngc2edif: Total memory usage is 87964 kilobytes

Release 13.3 - ngc2edif O.76xd (nt64)
Copyright (c) 1995-2011 Xilinx, Inc.  All rights reserved.
Reading design pdl_test_bench.ngc ...
WARNING:NetListWriters:298 - No output is written to pdl_test_bench.xncf,
   ignored.
Processing design ...
   Preping design's networks ...
   Preping design's macros ...
  finished :Prep
Writing EDIF netlist file pdl_test_bench.edif ...
ngc2edif: Total memory usage is 87964 kilobytes

